{"/Users/wixtar-kyle/Projects/highlighting-translate/content.js": {"path":"/Users/wixtar-kyle/Projects/highlighting-translate/content.js","statementMap":{"0":{"start":{"line":2,"column":15},"end":{"line":7,"column":1}},"1":{"start":{"line":9,"column":23},"end":{"line":9,"column":25}},"2":{"start":{"line":10,"column":23},"end":{"line":10,"column":27}},"3":{"start":{"line":11,"column":28},"end":{"line":11,"column":30}},"4":{"start":{"line":12,"column":16},"end":{"line":12,"column":21}},"5":{"start":{"line":15,"column":27},"end":{"line":15,"column":51}},"6":{"start":{"line":19,"column":4},"end":{"line":30,"column":5}},"7":{"start":{"line":20,"column":22},"end":{"line":25,"column":10}},"8":{"start":{"line":26,"column":8},"end":{"line":26,"column":25}},"9":{"start":{"line":27,"column":8},"end":{"line":27,"column":24}},"10":{"start":{"line":29,"column":8},"end":{"line":29,"column":57}},"11":{"start":{"line":35,"column":17},"end":{"line":35,"column":64}},"12":{"start":{"line":36,"column":4},"end":{"line":43,"column":5}},"13":{"start":{"line":37,"column":22},"end":{"line":37,"column":71}},"14":{"start":{"line":39,"column":8},"end":{"line":42,"column":9}},"15":{"start":{"line":41,"column":12},"end":{"line":41,"column":67}},"16":{"start":{"line":47,"column":0},"end":{"line":47,"column":15}},"17":{"start":{"line":50,"column":0},"end":{"line":56,"column":3}},"18":{"start":{"line":51,"column":4},"end":{"line":55,"column":5}},"19":{"start":{"line":52,"column":8},"end":{"line":52,"column":36}},"20":{"start":{"line":53,"column":8},"end":{"line":53,"column":30}},"21":{"start":{"line":54,"column":8},"end":{"line":54,"column":38}},"22":{"start":{"line":59,"column":0},"end":{"line":66,"column":3}},"23":{"start":{"line":60,"column":4},"end":{"line":65,"column":5}},"24":{"start":{"line":62,"column":8},"end":{"line":64,"column":11}},"25":{"start":{"line":63,"column":12},"end":{"line":63,"column":34}},"26":{"start":{"line":70,"column":4},"end":{"line":70,"column":69}},"27":{"start":{"line":70,"column":62},"end":{"line":70,"column":69}},"28":{"start":{"line":72,"column":18},"end":{"line":72,"column":49}},"29":{"start":{"line":73,"column":4},"end":{"line":73,"column":47}},"30":{"start":{"line":74,"column":4},"end":{"line":183,"column":6}},"31":{"start":{"line":184,"column":4},"end":{"line":184,"column":28}},"32":{"start":{"line":189,"column":4},"end":{"line":196,"column":5}},"33":{"start":{"line":190,"column":21},"end":{"line":190,"column":71}},"34":{"start":{"line":191,"column":34},"end":{"line":191,"column":62}},"35":{"start":{"line":192,"column":8},"end":{"line":192,"column":102}},"36":{"start":{"line":192,"column":46},"end":{"line":192,"column":100}},"37":{"start":{"line":194,"column":8},"end":{"line":194,"column":55}},"38":{"start":{"line":195,"column":8},"end":{"line":195,"column":21}},"39":{"start":{"line":201,"column":4},"end":{"line":229,"column":5}},"40":{"start":{"line":202,"column":21},"end":{"line":202,"column":71}},"41":{"start":{"line":203,"column":32},"end":{"line":203,"column":60}},"42":{"start":{"line":205,"column":30},"end":{"line":205,"column":121}},"43":{"start":{"line":205,"column":66},"end":{"line":205,"column":120}},"44":{"start":{"line":207,"column":8},"end":{"line":222,"column":9}},"45":{"start":{"line":209,"column":12},"end":{"line":209,"column":55}},"46":{"start":{"line":210,"column":12},"end":{"line":210,"column":30}},"47":{"start":{"line":213,"column":12},"end":{"line":220,"column":15}},"48":{"start":{"line":221,"column":12},"end":{"line":221,"column":29}},"49":{"start":{"line":224,"column":8},"end":{"line":224,"column":61}},"50":{"start":{"line":225,"column":8},"end":{"line":225,"column":25}},"51":{"start":{"line":227,"column":8},"end":{"line":227,"column":53}},"52":{"start":{"line":228,"column":8},"end":{"line":228,"column":21}},"53":{"start":{"line":234,"column":17},"end":{"line":234,"column":46}},"54":{"start":{"line":235,"column":4},"end":{"line":235,"column":37}},"55":{"start":{"line":236,"column":23},"end":{"line":236,"column":56}},"56":{"start":{"line":238,"column":4},"end":{"line":238,"column":29}},"57":{"start":{"line":240,"column":18},"end":{"line":240,"column":47}},"58":{"start":{"line":241,"column":4},"end":{"line":241,"column":33}},"59":{"start":{"line":242,"column":4},"end":{"line":242,"column":33}},"60":{"start":{"line":244,"column":28},"end":{"line":244,"column":57}},"61":{"start":{"line":245,"column":4},"end":{"line":245,"column":45}},"62":{"start":{"line":246,"column":4},"end":{"line":246,"column":55}},"63":{"start":{"line":247,"column":4},"end":{"line":247,"column":35}},"64":{"start":{"line":248,"column":4},"end":{"line":252,"column":6}},"65":{"start":{"line":254,"column":4},"end":{"line":254,"column":34}},"66":{"start":{"line":255,"column":4},"end":{"line":255,"column":44}},"67":{"start":{"line":256,"column":4},"end":{"line":256,"column":36}},"68":{"start":{"line":257,"column":4},"end":{"line":257,"column":16}},"69":{"start":{"line":262,"column":4},"end":{"line":262,"column":22}},"70":{"start":{"line":262,"column":15},"end":{"line":262,"column":22}},"71":{"start":{"line":263,"column":4},"end":{"line":267,"column":74}},"72":{"start":{"line":267,"column":22},"end":{"line":267,"column":72}},"73":{"start":{"line":273,"column":4},"end":{"line":273,"column":28}},"74":{"start":{"line":274,"column":4},"end":{"line":274,"column":28}},"75":{"start":{"line":275,"column":4},"end":{"line":275,"column":31}},"76":{"start":{"line":276,"column":4},"end":{"line":276,"column":22}},"77":{"start":{"line":279,"column":4},"end":{"line":281,"column":5}},"78":{"start":{"line":280,"column":8},"end":{"line":280,"column":15}},"79":{"start":{"line":283,"column":15},"end":{"line":283,"column":62}},"80":{"start":{"line":284,"column":4},"end":{"line":286,"column":5}},"81":{"start":{"line":285,"column":8},"end":{"line":285,"column":38}},"82":{"start":{"line":287,"column":23},"end":{"line":287,"column":38}},"83":{"start":{"line":288,"column":18},"end":{"line":288,"column":62}},"84":{"start":{"line":289,"column":28},"end":{"line":289,"column":74}},"85":{"start":{"line":291,"column":25},"end":{"line":299,"column":5}},"86":{"start":{"line":292,"column":8},"end":{"line":292,"column":42}},"87":{"start":{"line":293,"column":8},"end":{"line":293,"column":47}},"88":{"start":{"line":294,"column":8},"end":{"line":298,"column":16}},"89":{"start":{"line":295,"column":12},"end":{"line":297,"column":13}},"90":{"start":{"line":296,"column":16},"end":{"line":296,"column":45}},"91":{"start":{"line":302,"column":4},"end":{"line":311,"column":4}},"92":{"start":{"line":312,"column":4},"end":{"line":312,"column":64}},"93":{"start":{"line":315,"column":4},"end":{"line":315,"column":34}},"94":{"start":{"line":316,"column":4},"end":{"line":316,"column":28}},"95":{"start":{"line":317,"column":4},"end":{"line":317,"column":35}},"96":{"start":{"line":320,"column":4},"end":{"line":320,"column":43}},"97":{"start":{"line":321,"column":4},"end":{"line":321,"column":74}},"98":{"start":{"line":322,"column":4},"end":{"line":322,"column":72}},"99":{"start":{"line":324,"column":4},"end":{"line":332,"column":6}},"100":{"start":{"line":325,"column":8},"end":{"line":325,"column":28}},"101":{"start":{"line":326,"column":19},"end":{"line":326,"column":38}},"102":{"start":{"line":327,"column":8},"end":{"line":330,"column":9}},"103":{"start":{"line":328,"column":12},"end":{"line":328,"column":59}},"104":{"start":{"line":329,"column":12},"end":{"line":329,"column":45}},"105":{"start":{"line":329,"column":33},"end":{"line":329,"column":45}},"106":{"start":{"line":331,"column":8},"end":{"line":331,"column":28}},"107":{"start":{"line":335,"column":23},"end":{"line":335,"column":26}},"108":{"start":{"line":336,"column":24},"end":{"line":336,"column":27}},"109":{"start":{"line":337,"column":19},"end":{"line":337,"column":21}},"110":{"start":{"line":339,"column":15},"end":{"line":339,"column":41}},"111":{"start":{"line":340,"column":14},"end":{"line":340,"column":46}},"112":{"start":{"line":342,"column":4},"end":{"line":344,"column":5}},"113":{"start":{"line":343,"column":8},"end":{"line":343,"column":72}},"114":{"start":{"line":345,"column":4},"end":{"line":347,"column":5}},"115":{"start":{"line":346,"column":8},"end":{"line":346,"column":39}},"116":{"start":{"line":348,"column":4},"end":{"line":350,"column":5}},"117":{"start":{"line":349,"column":8},"end":{"line":349,"column":58}},"118":{"start":{"line":351,"column":4},"end":{"line":353,"column":5}},"119":{"start":{"line":352,"column":8},"end":{"line":352,"column":38}},"120":{"start":{"line":355,"column":4},"end":{"line":355,"column":35}},"121":{"start":{"line":356,"column":4},"end":{"line":356,"column":33}},"122":{"start":{"line":359,"column":4},"end":{"line":413,"column":5}},"123":{"start":{"line":360,"column":28},"end":{"line":360,"column":110}},"124":{"start":{"line":361,"column":8},"end":{"line":361,"column":44}},"125":{"start":{"line":364,"column":8},"end":{"line":364,"column":60}},"126":{"start":{"line":365,"column":26},"end":{"line":365,"column":52}},"127":{"start":{"line":367,"column":8},"end":{"line":379,"column":10}},"128":{"start":{"line":381,"column":25},"end":{"line":381,"column":61}},"129":{"start":{"line":382,"column":8},"end":{"line":382,"column":40}},"130":{"start":{"line":384,"column":24},"end":{"line":384,"column":59}},"131":{"start":{"line":385,"column":8},"end":{"line":392,"column":10}},"132":{"start":{"line":386,"column":30},"end":{"line":386,"column":107}},"133":{"start":{"line":387,"column":13},"end":{"line":391,"column":14}},"134":{"start":{"line":388,"column":17},"end":{"line":388,"column":50}},"135":{"start":{"line":390,"column":17},"end":{"line":390,"column":53}},"136":{"start":{"line":395,"column":8},"end":{"line":402,"column":9}},"137":{"start":{"line":396,"column":23},"end":{"line":396,"column":42}},"138":{"start":{"line":397,"column":12},"end":{"line":400,"column":13}},"139":{"start":{"line":398,"column":16},"end":{"line":398,"column":63}},"140":{"start":{"line":399,"column":16},"end":{"line":399,"column":49}},"141":{"start":{"line":399,"column":37},"end":{"line":399,"column":49}},"142":{"start":{"line":401,"column":12},"end":{"line":401,"column":32}},"143":{"start":{"line":404,"column":8},"end":{"line":411,"column":10}},"144":{"start":{"line":412,"column":8},"end":{"line":412,"column":68}},"145":{"start":{"line":418,"column":17},"end":{"line":418,"column":64}},"146":{"start":{"line":419,"column":4},"end":{"line":419,"column":22}},"147":{"start":{"line":419,"column":15},"end":{"line":419,"column":22}},"148":{"start":{"line":421,"column":23},"end":{"line":421,"column":38}},"149":{"start":{"line":422,"column":18},"end":{"line":422,"column":62}},"150":{"start":{"line":423,"column":28},"end":{"line":423,"column":74}},"151":{"start":{"line":425,"column":4},"end":{"line":432,"column":5}},"152":{"start":{"line":426,"column":8},"end":{"line":426,"column":42}},"153":{"start":{"line":427,"column":8},"end":{"line":431,"column":16}},"154":{"start":{"line":428,"column":12},"end":{"line":430,"column":13}},"155":{"start":{"line":429,"column":16},"end":{"line":429,"column":45}},"156":{"start":{"line":434,"column":4},"end":{"line":436,"column":5}},"157":{"start":{"line":435,"column":8},"end":{"line":435,"column":47}},"158":{"start":{"line":442,"column":0},"end":{"line":472,"column":3}},"159":{"start":{"line":444,"column":4},"end":{"line":446,"column":5}},"160":{"start":{"line":445,"column":8},"end":{"line":445,"column":15}},"161":{"start":{"line":449,"column":4},"end":{"line":449,"column":35}},"162":{"start":{"line":452,"column":4},"end":{"line":454,"column":5}},"163":{"start":{"line":453,"column":8},"end":{"line":453,"column":15}},"164":{"start":{"line":457,"column":4},"end":{"line":471,"column":23}},"165":{"start":{"line":458,"column":26},"end":{"line":458,"column":47}},"166":{"start":{"line":459,"column":29},"end":{"line":459,"column":56}},"167":{"start":{"line":461,"column":8},"end":{"line":470,"column":9}},"168":{"start":{"line":463,"column":26},"end":{"line":463,"column":49}},"169":{"start":{"line":464,"column":25},"end":{"line":464,"column":54}},"170":{"start":{"line":467,"column":12},"end":{"line":467,"column":51}},"171":{"start":{"line":469,"column":12},"end":{"line":469,"column":33}},"172":{"start":{"line":475,"column":0},"end":{"line":479,"column":3}},"173":{"start":{"line":476,"column":4},"end":{"line":478,"column":5}},"174":{"start":{"line":477,"column":8},"end":{"line":477,"column":29}},"175":{"start":{"line":482,"column":0},"end":{"line":484,"column":3}},"176":{"start":{"line":483,"column":4},"end":{"line":483,"column":25}},"177":{"start":{"line":487,"column":0},"end":{"line":491,"column":3}},"178":{"start":{"line":488,"column":4},"end":{"line":490,"column":5}},"179":{"start":{"line":489,"column":8},"end":{"line":489,"column":29}},"180":{"start":{"line":494,"column":0},"end":{"line":502,"column":1}},"181":{"start":{"line":495,"column":4},"end":{"line":501,"column":6}},"182":{"start":{"line":500,"column":48},"end":{"line":500,"column":91}}},"fnMap":{"0":{"name":"loadSettings","decl":{"start":{"line":18,"column":15},"end":{"line":18,"column":27}},"loc":{"start":{"line":18,"column":30},"end":{"line":31,"column":1}},"line":18},"1":{"name":"checkAndRetranslate","decl":{"start":{"line":34,"column":9},"end":{"line":34,"column":28}},"loc":{"start":{"line":34,"column":31},"end":{"line":44,"column":1}},"line":34},"2":{"name":"(anonymous_2)","decl":{"start":{"line":50,"column":37},"end":{"line":50,"column":38}},"loc":{"start":{"line":50,"column":72},"end":{"line":56,"column":1}},"line":50},"3":{"name":"(anonymous_3)","decl":{"start":{"line":59,"column":37},"end":{"line":59,"column":38}},"loc":{"start":{"line":59,"column":61},"end":{"line":66,"column":1}},"line":59},"4":{"name":"(anonymous_4)","decl":{"start":{"line":62,"column":28},"end":{"line":62,"column":29}},"loc":{"start":{"line":62,"column":34},"end":{"line":64,"column":9}},"line":62},"5":{"name":"injectStyles","decl":{"start":{"line":69,"column":9},"end":{"line":69,"column":21}},"loc":{"start":{"line":69,"column":28},"end":{"line":185,"column":1}},"line":69},"6":{"name":"checkIsStarred","decl":{"start":{"line":188,"column":15},"end":{"line":188,"column":29}},"loc":{"start":{"line":188,"column":49},"end":{"line":197,"column":1}},"line":188},"7":{"name":"(anonymous_7)","decl":{"start":{"line":192,"column":38},"end":{"line":192,"column":39}},"loc":{"start":{"line":192,"column":46},"end":{"line":192,"column":100}},"line":192},"8":{"name":"toggleStar","decl":{"start":{"line":200,"column":15},"end":{"line":200,"column":25}},"loc":{"start":{"line":200,"column":69},"end":{"line":230,"column":1}},"line":200},"9":{"name":"(anonymous_9)","decl":{"start":{"line":205,"column":58},"end":{"line":205,"column":59}},"loc":{"start":{"line":205,"column":66},"end":{"line":205,"column":120}},"line":205},"10":{"name":"createTranslatePopup","decl":{"start":{"line":233,"column":9},"end":{"line":233,"column":29}},"loc":{"start":{"line":233,"column":32},"end":{"line":258,"column":1}},"line":233},"11":{"name":"playTTS","decl":{"start":{"line":261,"column":9},"end":{"line":261,"column":16}},"loc":{"start":{"line":261,"column":29},"end":{"line":268,"column":1}},"line":261},"12":{"name":"(anonymous_12)","decl":{"start":{"line":267,"column":13},"end":{"line":267,"column":14}},"loc":{"start":{"line":267,"column":22},"end":{"line":267,"column":72}},"line":267},"13":{"name":"showTranslatePopup","decl":{"start":{"line":271,"column":15},"end":{"line":271,"column":33}},"loc":{"start":{"line":271,"column":46},"end":{"line":414,"column":1}},"line":271},"14":{"name":"(anonymous_14)","decl":{"start":{"line":291,"column":25},"end":{"line":291,"column":26}},"loc":{"start":{"line":291,"column":31},"end":{"line":299,"column":5}},"line":291},"15":{"name":"(anonymous_15)","decl":{"start":{"line":294,"column":19},"end":{"line":294,"column":20}},"loc":{"start":{"line":294,"column":25},"end":{"line":298,"column":9}},"line":294},"16":{"name":"(anonymous_16)","decl":{"start":{"line":324,"column":30},"end":{"line":324,"column":31}},"loc":{"start":{"line":324,"column":37},"end":{"line":332,"column":5}},"line":324},"17":{"name":"(anonymous_17)","decl":{"start":{"line":385,"column":26},"end":{"line":385,"column":27}},"loc":{"start":{"line":385,"column":38},"end":{"line":392,"column":9}},"line":385},"18":{"name":"hideTranslatePopup","decl":{"start":{"line":417,"column":9},"end":{"line":417,"column":27}},"loc":{"start":{"line":417,"column":30},"end":{"line":437,"column":1}},"line":417},"19":{"name":"(anonymous_19)","decl":{"start":{"line":427,"column":19},"end":{"line":427,"column":20}},"loc":{"start":{"line":427,"column":25},"end":{"line":431,"column":9}},"line":427},"20":{"name":"(anonymous_20)","decl":{"start":{"line":442,"column":37},"end":{"line":442,"column":38}},"loc":{"start":{"line":442,"column":44},"end":{"line":472,"column":1}},"line":442},"21":{"name":"(anonymous_21)","decl":{"start":{"line":457,"column":34},"end":{"line":457,"column":35}},"loc":{"start":{"line":457,"column":40},"end":{"line":471,"column":5}},"line":457},"22":{"name":"(anonymous_22)","decl":{"start":{"line":475,"column":39},"end":{"line":475,"column":40}},"loc":{"start":{"line":475,"column":46},"end":{"line":479,"column":1}},"line":475},"23":{"name":"(anonymous_23)","decl":{"start":{"line":482,"column":36},"end":{"line":482,"column":37}},"loc":{"start":{"line":482,"column":42},"end":{"line":484,"column":1}},"line":482},"24":{"name":"(anonymous_24)","decl":{"start":{"line":487,"column":37},"end":{"line":487,"column":38}},"loc":{"start":{"line":487,"column":44},"end":{"line":491,"column":1}},"line":487},"25":{"name":"(anonymous_25)","decl":{"start":{"line":500,"column":29},"end":{"line":500,"column":30}},"loc":{"start":{"line":500,"column":46},"end":{"line":500,"column":93}},"line":500}},"branchMap":{"0":{"loc":{"start":{"line":36,"column":4},"end":{"line":43,"column":5}},"type":"if","locations":[{"start":{"line":36,"column":4},"end":{"line":43,"column":5}},{"start":{},"end":{}}],"line":36},"1":{"loc":{"start":{"line":36,"column":8},"end":{"line":36,"column":31}},"type":"binary-expr","locations":[{"start":{"line":36,"column":8},"end":{"line":36,"column":12}},{"start":{"line":36,"column":16},"end":{"line":36,"column":31}}],"line":36},"2":{"loc":{"start":{"line":39,"column":8},"end":{"line":42,"column":9}},"type":"if","locations":[{"start":{"line":39,"column":8},"end":{"line":42,"column":9}},{"start":{},"end":{}}],"line":39},"3":{"loc":{"start":{"line":39,"column":12},"end":{"line":39,"column":130}},"type":"binary-expr","locations":[{"start":{"line":39,"column":12},"end":{"line":39,"column":17}},{"start":{"line":39,"column":21},"end":{"line":39,"column":56}},{"start":{"line":39,"column":60},"end":{"line":39,"column":90}},{"start":{"line":39,"column":94},"end":{"line":39,"column":110}},{"start":{"line":39,"column":114},"end":{"line":39,"column":130}}],"line":39},"4":{"loc":{"start":{"line":51,"column":4},"end":{"line":55,"column":5}},"type":"if","locations":[{"start":{"line":51,"column":4},"end":{"line":55,"column":5}},{"start":{},"end":{}}],"line":51},"5":{"loc":{"start":{"line":60,"column":4},"end":{"line":65,"column":5}},"type":"if","locations":[{"start":{"line":60,"column":4},"end":{"line":65,"column":5}},{"start":{},"end":{}}],"line":60},"6":{"loc":{"start":{"line":70,"column":4},"end":{"line":70,"column":69}},"type":"if","locations":[{"start":{"line":70,"column":4},"end":{"line":70,"column":69}},{"start":{},"end":{}}],"line":70},"7":{"loc":{"start":{"line":191,"column":34},"end":{"line":191,"column":62}},"type":"binary-expr","locations":[{"start":{"line":191,"column":34},"end":{"line":191,"column":56}},{"start":{"line":191,"column":60},"end":{"line":191,"column":62}}],"line":191},"8":{"loc":{"start":{"line":192,"column":46},"end":{"line":192,"column":100}},"type":"binary-expr","locations":[{"start":{"line":192,"column":46},"end":{"line":192,"column":64}},{"start":{"line":192,"column":68},"end":{"line":192,"column":100}}],"line":192},"9":{"loc":{"start":{"line":203,"column":32},"end":{"line":203,"column":60}},"type":"binary-expr","locations":[{"start":{"line":203,"column":32},"end":{"line":203,"column":54}},{"start":{"line":203,"column":58},"end":{"line":203,"column":60}}],"line":203},"10":{"loc":{"start":{"line":205,"column":66},"end":{"line":205,"column":120}},"type":"binary-expr","locations":[{"start":{"line":205,"column":66},"end":{"line":205,"column":84}},{"start":{"line":205,"column":88},"end":{"line":205,"column":120}}],"line":205},"11":{"loc":{"start":{"line":207,"column":8},"end":{"line":222,"column":9}},"type":"if","locations":[{"start":{"line":207,"column":8},"end":{"line":222,"column":9}},{"start":{"line":211,"column":15},"end":{"line":222,"column":9}}],"line":207},"12":{"loc":{"start":{"line":262,"column":4},"end":{"line":262,"column":22}},"type":"if","locations":[{"start":{"line":262,"column":4},"end":{"line":262,"column":22}},{"start":{},"end":{}}],"line":262},"13":{"loc":{"start":{"line":279,"column":4},"end":{"line":281,"column":5}},"type":"if","locations":[{"start":{"line":279,"column":4},"end":{"line":281,"column":5}},{"start":{},"end":{}}],"line":279},"14":{"loc":{"start":{"line":284,"column":4},"end":{"line":286,"column":5}},"type":"if","locations":[{"start":{"line":284,"column":4},"end":{"line":286,"column":5}},{"start":{},"end":{}}],"line":284},"15":{"loc":{"start":{"line":295,"column":12},"end":{"line":297,"column":13}},"type":"if","locations":[{"start":{"line":295,"column":12},"end":{"line":297,"column":13}},{"start":{},"end":{}}],"line":295},"16":{"loc":{"start":{"line":327,"column":8},"end":{"line":330,"column":9}},"type":"if","locations":[{"start":{"line":327,"column":8},"end":{"line":330,"column":9}},{"start":{},"end":{}}],"line":327},"17":{"loc":{"start":{"line":329,"column":12},"end":{"line":329,"column":45}},"type":"if","locations":[{"start":{"line":329,"column":12},"end":{"line":329,"column":45}},{"start":{},"end":{}}],"line":329},"18":{"loc":{"start":{"line":342,"column":4},"end":{"line":344,"column":5}},"type":"if","locations":[{"start":{"line":342,"column":4},"end":{"line":344,"column":5}},{"start":{},"end":{}}],"line":342},"19":{"loc":{"start":{"line":345,"column":4},"end":{"line":347,"column":5}},"type":"if","locations":[{"start":{"line":345,"column":4},"end":{"line":347,"column":5}},{"start":{},"end":{}}],"line":345},"20":{"loc":{"start":{"line":348,"column":4},"end":{"line":350,"column":5}},"type":"if","locations":[{"start":{"line":348,"column":4},"end":{"line":350,"column":5}},{"start":{},"end":{}}],"line":348},"21":{"loc":{"start":{"line":351,"column":4},"end":{"line":353,"column":5}},"type":"if","locations":[{"start":{"line":351,"column":4},"end":{"line":353,"column":5}},{"start":{},"end":{}}],"line":351},"22":{"loc":{"start":{"line":365,"column":26},"end":{"line":365,"column":52}},"type":"cond-expr","locations":[{"start":{"line":365,"column":38},"end":{"line":365,"column":47}},{"start":{"line":365,"column":50},"end":{"line":365,"column":52}}],"line":365},"23":{"loc":{"start":{"line":387,"column":13},"end":{"line":391,"column":14}},"type":"if","locations":[{"start":{"line":387,"column":13},"end":{"line":391,"column":14}},{"start":{"line":389,"column":20},"end":{"line":391,"column":14}}],"line":387},"24":{"loc":{"start":{"line":395,"column":8},"end":{"line":402,"column":9}},"type":"if","locations":[{"start":{"line":395,"column":8},"end":{"line":402,"column":9}},{"start":{},"end":{}}],"line":395},"25":{"loc":{"start":{"line":397,"column":12},"end":{"line":400,"column":13}},"type":"if","locations":[{"start":{"line":397,"column":12},"end":{"line":400,"column":13}},{"start":{},"end":{}}],"line":397},"26":{"loc":{"start":{"line":399,"column":16},"end":{"line":399,"column":49}},"type":"if","locations":[{"start":{"line":399,"column":16},"end":{"line":399,"column":49}},{"start":{},"end":{}}],"line":399},"27":{"loc":{"start":{"line":419,"column":4},"end":{"line":419,"column":22}},"type":"if","locations":[{"start":{"line":419,"column":4},"end":{"line":419,"column":22}},{"start":{},"end":{}}],"line":419},"28":{"loc":{"start":{"line":425,"column":4},"end":{"line":432,"column":5}},"type":"if","locations":[{"start":{"line":425,"column":4},"end":{"line":432,"column":5}},{"start":{},"end":{}}],"line":425},"29":{"loc":{"start":{"line":428,"column":12},"end":{"line":430,"column":13}},"type":"if","locations":[{"start":{"line":428,"column":12},"end":{"line":430,"column":13}},{"start":{},"end":{}}],"line":428},"30":{"loc":{"start":{"line":434,"column":4},"end":{"line":436,"column":5}},"type":"if","locations":[{"start":{"line":434,"column":4},"end":{"line":436,"column":5}},{"start":{},"end":{}}],"line":434},"31":{"loc":{"start":{"line":444,"column":4},"end":{"line":446,"column":5}},"type":"if","locations":[{"start":{"line":444,"column":4},"end":{"line":446,"column":5}},{"start":{},"end":{}}],"line":444},"32":{"loc":{"start":{"line":452,"column":4},"end":{"line":454,"column":5}},"type":"if","locations":[{"start":{"line":452,"column":4},"end":{"line":454,"column":5}},{"start":{},"end":{}}],"line":452},"33":{"loc":{"start":{"line":461,"column":8},"end":{"line":470,"column":9}},"type":"if","locations":[{"start":{"line":461,"column":8},"end":{"line":470,"column":9}},{"start":{"line":468,"column":15},"end":{"line":470,"column":9}}],"line":461},"34":{"loc":{"start":{"line":461,"column":12},"end":{"line":461,"column":81}},"type":"binary-expr","locations":[{"start":{"line":461,"column":12},"end":{"line":461,"column":24}},{"start":{"line":461,"column":28},"end":{"line":461,"column":51}},{"start":{"line":461,"column":55},"end":{"line":461,"column":81}}],"line":461},"35":{"loc":{"start":{"line":476,"column":4},"end":{"line":478,"column":5}},"type":"if","locations":[{"start":{"line":476,"column":4},"end":{"line":478,"column":5}},{"start":{},"end":{}}],"line":476},"36":{"loc":{"start":{"line":488,"column":4},"end":{"line":490,"column":5}},"type":"if","locations":[{"start":{"line":488,"column":4},"end":{"line":490,"column":5}},{"start":{},"end":{}}],"line":488},"37":{"loc":{"start":{"line":494,"column":0},"end":{"line":502,"column":1}},"type":"if","locations":[{"start":{"line":494,"column":0},"end":{"line":502,"column":1}},{"start":{},"end":{}}],"line":494},"38":{"loc":{"start":{"line":494,"column":4},"end":{"line":494,"column":51}},"type":"binary-expr","locations":[{"start":{"line":494,"column":4},"end":{"line":494,"column":33}},{"start":{"line":494,"column":37},"end":{"line":494,"column":51}}],"line":494}},"s":{"0":8,"1":8,"2":8,"3":8,"4":8,"5":8,"6":8,"7":8,"8":8,"9":8,"10":0,"11":0,"12":0,"13":0,"14":0,"15":0,"16":8,"17":8,"18":0,"19":0,"20":0,"21":0,"22":8,"23":0,"24":0,"25":0,"26":6,"27":0,"28":6,"29":6,"30":6,"31":6,"32":5,"33":5,"34":5,"35":5,"36":0,"37":0,"38":0,"39":0,"40":0,"41":0,"42":0,"43":0,"44":0,"45":0,"46":0,"47":0,"48":0,"49":0,"50":0,"51":0,"52":0,"53":6,"54":6,"55":6,"56":6,"57":6,"58":6,"59":6,"60":6,"61":6,"62":6,"63":6,"64":6,"65":6,"66":6,"67":6,"68":6,"69":3,"70":0,"71":3,"72":0,"73":5,"74":5,"75":5,"76":5,"77":5,"78":0,"79":5,"80":5,"81":0,"82":5,"83":5,"84":5,"85":5,"86":0,"87":0,"88":0,"89":0,"90":0,"91":5,"92":5,"93":5,"94":5,"95":5,"96":5,"97":5,"98":5,"99":5,"100":1,"101":1,"102":1,"103":1,"104":1,"105":0,"106":1,"107":5,"108":5,"109":5,"110":5,"111":5,"112":5,"113":1,"114":5,"115":2,"116":5,"117":1,"118":5,"119":2,"120":5,"121":5,"122":5,"123":5,"124":5,"125":5,"126":5,"127":5,"128":5,"129":5,"130":5,"131":5,"132":0,"133":0,"134":0,"135":0,"136":5,"137":1,"138":1,"139":1,"140":1,"141":0,"142":1,"143":0,"144":0,"145":0,"146":0,"147":0,"148":0,"149":0,"150":0,"151":0,"152":0,"153":0,"154":0,"155":0,"156":0,"157":0,"158":8,"159":0,"160":0,"161":0,"162":0,"163":0,"164":0,"165":0,"166":0,"167":0,"168":0,"169":0,"170":0,"171":0,"172":8,"173":0,"174":0,"175":8,"176":0,"177":8,"178":0,"179":0,"180":8,"181":8,"182":2},"f":{"0":8,"1":0,"2":0,"3":0,"4":0,"5":6,"6":5,"7":0,"8":0,"9":0,"10":6,"11":3,"12":0,"13":5,"14":0,"15":0,"16":1,"17":0,"18":0,"19":0,"20":0,"21":0,"22":0,"23":0,"24":0,"25":2},"b":{"0":[0,0],"1":[0,0],"2":[0,0],"3":[0,0,0,0,0],"4":[0,0],"5":[0,0],"6":[0,6],"7":[5,5],"8":[0,0],"9":[0,0],"10":[0,0],"11":[0,0],"12":[0,3],"13":[0,5],"14":[0,5],"15":[0,0],"16":[1,0],"17":[0,1],"18":[1,4],"19":[2,3],"20":[1,4],"21":[2,3],"22":[0,5],"23":[0,0],"24":[1,4],"25":[1,0],"26":[0,1],"27":[0,0],"28":[0,0],"29":[0,0],"30":[0,0],"31":[0,0],"32":[0,0],"33":[0,0],"34":[0,0,0],"35":[0,0],"36":[0,0],"37":[8,0],"38":[8,8]},"_coverageSchema":"1a1c01bbd47fc00a2c39e90264f33305004495a9","hash":"b26f1745d601101e0643381164c4c4e951ba86d4"}
,"/Users/wixtar-kyle/Projects/highlighting-translate/popup.js": {"path":"/Users/wixtar-kyle/Projects/highlighting-translate/popup.js","statementMap":{"0":{"start":{"line":3,"column":4},"end":{"line":29,"column":5}},"1":{"start":{"line":4,"column":25},"end":{"line":10,"column":10}},"2":{"start":{"line":13,"column":35},"end":{"line":13,"column":80}},"3":{"start":{"line":14,"column":8},"end":{"line":14,"column":84}},"4":{"start":{"line":14,"column":32},"end":{"line":14,"column":84}},"5":{"start":{"line":16,"column":36},"end":{"line":16,"column":82}},"6":{"start":{"line":17,"column":8},"end":{"line":17,"column":87}},"7":{"start":{"line":17,"column":33},"end":{"line":17,"column":87}},"8":{"start":{"line":19,"column":27},"end":{"line":19,"column":64}},"9":{"start":{"line":20,"column":8},"end":{"line":20,"column":63}},"10":{"start":{"line":20,"column":24},"end":{"line":20,"column":63}},"11":{"start":{"line":22,"column":27},"end":{"line":22,"column":64}},"12":{"start":{"line":23,"column":8},"end":{"line":23,"column":63}},"13":{"start":{"line":23,"column":24},"end":{"line":23,"column":63}},"14":{"start":{"line":25,"column":22},"end":{"line":25,"column":54}},"15":{"start":{"line":26,"column":8},"end":{"line":26,"column":48}},"16":{"start":{"line":26,"column":19},"end":{"line":26,"column":48}},"17":{"start":{"line":28,"column":8},"end":{"line":28,"column":57}},"18":{"start":{"line":34,"column":4},"end":{"line":51,"column":5}},"19":{"start":{"line":35,"column":21},"end":{"line":35,"column":81}},"20":{"start":{"line":36,"column":8},"end":{"line":48,"column":9}},"21":{"start":{"line":37,"column":24},"end":{"line":37,"column":31}},"22":{"start":{"line":39,"column":12},"end":{"line":45,"column":13}},"23":{"start":{"line":44,"column":16},"end":{"line":44,"column":23}},"24":{"start":{"line":47,"column":12},"end":{"line":47,"column":59}},"25":{"start":{"line":50,"column":8},"end":{"line":50,"column":77}},"26":{"start":{"line":56,"column":21},"end":{"line":56,"column":56}},"27":{"start":{"line":57,"column":4},"end":{"line":62,"column":5}},"28":{"start":{"line":58,"column":8},"end":{"line":58,"column":36}},"29":{"start":{"line":59,"column":8},"end":{"line":61,"column":17}},"30":{"start":{"line":60,"column":12},"end":{"line":60,"column":72}},"31":{"start":{"line":67,"column":21},"end":{"line":73,"column":5}},"32":{"start":{"line":75,"column":4},"end":{"line":85,"column":5}},"33":{"start":{"line":76,"column":8},"end":{"line":76,"column":48}},"34":{"start":{"line":77,"column":8},"end":{"line":77,"column":23}},"35":{"start":{"line":79,"column":8},"end":{"line":82,"column":11}},"36":{"start":{"line":84,"column":8},"end":{"line":84,"column":57}},"37":{"start":{"line":89,"column":21},"end":{"line":202,"column":1}},"38":{"start":{"line":205,"column":15},"end":{"line":205,"column":33}},"39":{"start":{"line":206,"column":4},"end":{"line":208,"column":5}},"40":{"start":{"line":207,"column":8},"end":{"line":207,"column":43}},"41":{"start":{"line":211,"column":12},"end":{"line":211,"column":30}},"42":{"start":{"line":213,"column":4},"end":{"line":227,"column":5}},"43":{"start":{"line":214,"column":8},"end":{"line":214,"column":34}},"44":{"start":{"line":215,"column":11},"end":{"line":227,"column":5}},"45":{"start":{"line":216,"column":8},"end":{"line":216,"column":34}},"46":{"start":{"line":217,"column":11},"end":{"line":227,"column":5}},"47":{"start":{"line":218,"column":8},"end":{"line":218,"column":31}},"48":{"start":{"line":219,"column":11},"end":{"line":227,"column":5}},"49":{"start":{"line":220,"column":8},"end":{"line":220,"column":31}},"50":{"start":{"line":221,"column":11},"end":{"line":227,"column":5}},"51":{"start":{"line":222,"column":8},"end":{"line":222,"column":31}},"52":{"start":{"line":223,"column":11},"end":{"line":227,"column":5}},"53":{"start":{"line":224,"column":8},"end":{"line":224,"column":31}},"54":{"start":{"line":225,"column":11},"end":{"line":227,"column":5}},"55":{"start":{"line":226,"column":8},"end":{"line":226,"column":31}},"56":{"start":{"line":229,"column":21},"end":{"line":229,"column":61}},"57":{"start":{"line":230,"column":4},"end":{"line":235,"column":7}},"58":{"start":{"line":231,"column":20},"end":{"line":231,"column":48}},"59":{"start":{"line":232,"column":8},"end":{"line":234,"column":9}},"60":{"start":{"line":233,"column":12},"end":{"line":233,"column":36}},"61":{"start":{"line":239,"column":0},"end":{"line":271,"column":3}},"62":{"start":{"line":240,"column":4},"end":{"line":240,"column":15}},"63":{"start":{"line":241,"column":4},"end":{"line":241,"column":19}},"64":{"start":{"line":243,"column":31},"end":{"line":243,"column":76}},"65":{"start":{"line":244,"column":4},"end":{"line":244,"column":88}},"66":{"start":{"line":244,"column":28},"end":{"line":244,"column":88}},"67":{"start":{"line":246,"column":32},"end":{"line":246,"column":78}},"68":{"start":{"line":247,"column":4},"end":{"line":247,"column":90}},"69":{"start":{"line":247,"column":29},"end":{"line":247,"column":90}},"70":{"start":{"line":249,"column":23},"end":{"line":249,"column":60}},"71":{"start":{"line":250,"column":4},"end":{"line":250,"column":72}},"72":{"start":{"line":250,"column":20},"end":{"line":250,"column":72}},"73":{"start":{"line":252,"column":23},"end":{"line":252,"column":60}},"74":{"start":{"line":253,"column":4},"end":{"line":253,"column":72}},"75":{"start":{"line":253,"column":20},"end":{"line":253,"column":72}},"76":{"start":{"line":255,"column":18},"end":{"line":255,"column":50}},"77":{"start":{"line":256,"column":4},"end":{"line":256,"column":62}},"78":{"start":{"line":256,"column":15},"end":{"line":256,"column":62}},"79":{"start":{"line":259,"column":4},"end":{"line":263,"column":7}},"80":{"start":{"line":260,"column":8},"end":{"line":260,"column":53}},"81":{"start":{"line":261,"column":27},"end":{"line":261,"column":72}},"82":{"start":{"line":261,"column":43},"end":{"line":261,"column":71}},"83":{"start":{"line":262,"column":8},"end":{"line":262,"column":43}},"84":{"start":{"line":265,"column":23},"end":{"line":265,"column":60}},"85":{"start":{"line":266,"column":4},"end":{"line":270,"column":5}},"86":{"start":{"line":267,"column":8},"end":{"line":269,"column":11}},"87":{"start":{"line":268,"column":13},"end":{"line":268,"column":57}}},"fnMap":{"0":{"name":"loadSettings","decl":{"start":{"line":2,"column":15},"end":{"line":2,"column":27}},"loc":{"start":{"line":2,"column":30},"end":{"line":30,"column":1}},"line":2},"1":{"name":"sendMessageToContentScript","decl":{"start":{"line":33,"column":15},"end":{"line":33,"column":41}},"loc":{"start":{"line":33,"column":51},"end":{"line":52,"column":1}},"line":33},"2":{"name":"showSnackbar","decl":{"start":{"line":55,"column":9},"end":{"line":55,"column":21}},"loc":{"start":{"line":55,"column":24},"end":{"line":63,"column":1}},"line":55},"3":{"name":"(anonymous_3)","decl":{"start":{"line":59,"column":19},"end":{"line":59,"column":20}},"loc":{"start":{"line":59,"column":25},"end":{"line":61,"column":9}},"line":59},"4":{"name":"saveSettings","decl":{"start":{"line":66,"column":15},"end":{"line":66,"column":27}},"loc":{"start":{"line":66,"column":30},"end":{"line":86,"column":1}},"line":66},"5":{"name":"localize","decl":{"start":{"line":204,"column":9},"end":{"line":204,"column":17}},"loc":{"start":{"line":204,"column":20},"end":{"line":236,"column":1}},"line":204},"6":{"name":"(anonymous_6)","decl":{"start":{"line":230,"column":21},"end":{"line":230,"column":22}},"loc":{"start":{"line":230,"column":27},"end":{"line":235,"column":5}},"line":230},"7":{"name":"(anonymous_7)","decl":{"start":{"line":239,"column":46},"end":{"line":239,"column":47}},"loc":{"start":{"line":239,"column":52},"end":{"line":271,"column":1}},"line":239},"8":{"name":"(anonymous_8)","decl":{"start":{"line":259,"column":25},"end":{"line":259,"column":26}},"loc":{"start":{"line":259,"column":37},"end":{"line":263,"column":5}},"line":259},"9":{"name":"(anonymous_9)","decl":{"start":{"line":261,"column":38},"end":{"line":261,"column":39}},"loc":{"start":{"line":261,"column":43},"end":{"line":261,"column":71}},"line":261},"10":{"name":"(anonymous_10)","decl":{"start":{"line":267,"column":45},"end":{"line":267,"column":46}},"loc":{"start":{"line":267,"column":51},"end":{"line":269,"column":9}},"line":267}},"branchMap":{"0":{"loc":{"start":{"line":14,"column":8},"end":{"line":14,"column":84}},"type":"if","locations":[{"start":{"line":14,"column":8},"end":{"line":14,"column":84}},{"start":{},"end":{}}],"line":14},"1":{"loc":{"start":{"line":17,"column":8},"end":{"line":17,"column":87}},"type":"if","locations":[{"start":{"line":17,"column":8},"end":{"line":17,"column":87}},{"start":{},"end":{}}],"line":17},"2":{"loc":{"start":{"line":20,"column":8},"end":{"line":20,"column":63}},"type":"if","locations":[{"start":{"line":20,"column":8},"end":{"line":20,"column":63}},{"start":{},"end":{}}],"line":20},"3":{"loc":{"start":{"line":23,"column":8},"end":{"line":23,"column":63}},"type":"if","locations":[{"start":{"line":23,"column":8},"end":{"line":23,"column":63}},{"start":{},"end":{}}],"line":23},"4":{"loc":{"start":{"line":26,"column":8},"end":{"line":26,"column":48}},"type":"if","locations":[{"start":{"line":26,"column":8},"end":{"line":26,"column":48}},{"start":{},"end":{}}],"line":26},"5":{"loc":{"start":{"line":36,"column":8},"end":{"line":48,"column":9}},"type":"if","locations":[{"start":{"line":36,"column":8},"end":{"line":48,"column":9}},{"start":{},"end":{}}],"line":36},"6":{"loc":{"start":{"line":36,"column":12},"end":{"line":36,"column":27}},"type":"binary-expr","locations":[{"start":{"line":36,"column":12},"end":{"line":36,"column":16}},{"start":{"line":36,"column":20},"end":{"line":36,"column":27}}],"line":36},"7":{"loc":{"start":{"line":39,"column":12},"end":{"line":45,"column":13}},"type":"if","locations":[{"start":{"line":39,"column":12},"end":{"line":45,"column":13}},{"start":{},"end":{}}],"line":39},"8":{"loc":{"start":{"line":39,"column":16},"end":{"line":43,"column":54}},"type":"binary-expr","locations":[{"start":{"line":39,"column":16},"end":{"line":39,"column":24}},{"start":{"line":39,"column":28},"end":{"line":39,"column":59}},{"start":{"line":40,"column":16},"end":{"line":40,"column":57}},{"start":{"line":41,"column":16},"end":{"line":41,"column":45}},{"start":{"line":42,"column":16},"end":{"line":42,"column":44}},{"start":{"line":43,"column":16},"end":{"line":43,"column":54}}],"line":39},"9":{"loc":{"start":{"line":57,"column":4},"end":{"line":62,"column":5}},"type":"if","locations":[{"start":{"line":57,"column":4},"end":{"line":62,"column":5}},{"start":{},"end":{}}],"line":57},"10":{"loc":{"start":{"line":72,"column":15},"end":{"line":72,"column":70}},"type":"binary-expr","locations":[{"start":{"line":72,"column":15},"end":{"line":72,"column":63}},{"start":{"line":72,"column":67},"end":{"line":72,"column":70}}],"line":72},"11":{"loc":{"start":{"line":206,"column":4},"end":{"line":208,"column":5}},"type":"if","locations":[{"start":{"line":206,"column":4},"end":{"line":208,"column":5}},{"start":{},"end":{}}],"line":206},"12":{"loc":{"start":{"line":206,"column":8},"end":{"line":206,"column":48}},"type":"binary-expr","locations":[{"start":{"line":206,"column":8},"end":{"line":206,"column":19}},{"start":{"line":206,"column":23},"end":{"line":206,"column":48}}],"line":206},"13":{"loc":{"start":{"line":213,"column":4},"end":{"line":227,"column":5}},"type":"if","locations":[{"start":{"line":213,"column":4},"end":{"line":227,"column":5}},{"start":{"line":215,"column":11},"end":{"line":227,"column":5}}],"line":213},"14":{"loc":{"start":{"line":213,"column":8},"end":{"line":213,"column":44}},"type":"binary-expr","locations":[{"start":{"line":213,"column":8},"end":{"line":213,"column":24}},{"start":{"line":213,"column":28},"end":{"line":213,"column":44}}],"line":213},"15":{"loc":{"start":{"line":215,"column":11},"end":{"line":227,"column":5}},"type":"if","locations":[{"start":{"line":215,"column":11},"end":{"line":227,"column":5}},{"start":{"line":217,"column":11},"end":{"line":227,"column":5}}],"line":215},"16":{"loc":{"start":{"line":217,"column":11},"end":{"line":227,"column":5}},"type":"if","locations":[{"start":{"line":217,"column":11},"end":{"line":227,"column":5}},{"start":{"line":219,"column":11},"end":{"line":227,"column":5}}],"line":217},"17":{"loc":{"start":{"line":219,"column":11},"end":{"line":227,"column":5}},"type":"if","locations":[{"start":{"line":219,"column":11},"end":{"line":227,"column":5}},{"start":{"line":221,"column":11},"end":{"line":227,"column":5}}],"line":219},"18":{"loc":{"start":{"line":221,"column":11},"end":{"line":227,"column":5}},"type":"if","locations":[{"start":{"line":221,"column":11},"end":{"line":227,"column":5}},{"start":{"line":223,"column":11},"end":{"line":227,"column":5}}],"line":221},"19":{"loc":{"start":{"line":223,"column":11},"end":{"line":227,"column":5}},"type":"if","locations":[{"start":{"line":223,"column":11},"end":{"line":227,"column":5}},{"start":{"line":225,"column":11},"end":{"line":227,"column":5}}],"line":223},"20":{"loc":{"start":{"line":225,"column":11},"end":{"line":227,"column":5}},"type":"if","locations":[{"start":{"line":225,"column":11},"end":{"line":227,"column":5}},{"start":{},"end":{}}],"line":225},"21":{"loc":{"start":{"line":232,"column":8},"end":{"line":234,"column":9}},"type":"if","locations":[{"start":{"line":232,"column":8},"end":{"line":234,"column":9}},{"start":{},"end":{}}],"line":232},"22":{"loc":{"start":{"line":244,"column":4},"end":{"line":244,"column":88}},"type":"if","locations":[{"start":{"line":244,"column":4},"end":{"line":244,"column":88}},{"start":{},"end":{}}],"line":244},"23":{"loc":{"start":{"line":247,"column":4},"end":{"line":247,"column":90}},"type":"if","locations":[{"start":{"line":247,"column":4},"end":{"line":247,"column":90}},{"start":{},"end":{}}],"line":247},"24":{"loc":{"start":{"line":250,"column":4},"end":{"line":250,"column":72}},"type":"if","locations":[{"start":{"line":250,"column":4},"end":{"line":250,"column":72}},{"start":{},"end":{}}],"line":250},"25":{"loc":{"start":{"line":253,"column":4},"end":{"line":253,"column":72}},"type":"if","locations":[{"start":{"line":253,"column":4},"end":{"line":253,"column":72}},{"start":{},"end":{}}],"line":253},"26":{"loc":{"start":{"line":256,"column":4},"end":{"line":256,"column":62}},"type":"if","locations":[{"start":{"line":256,"column":4},"end":{"line":256,"column":62}},{"start":{},"end":{}}],"line":256},"27":{"loc":{"start":{"line":266,"column":4},"end":{"line":270,"column":5}},"type":"if","locations":[{"start":{"line":266,"column":4},"end":{"line":270,"column":5}},{"start":{},"end":{}}],"line":266}},"s":{"0":15,"1":15,"2":15,"3":15,"4":15,"5":15,"6":15,"7":15,"8":15,"9":15,"10":15,"11":15,"12":15,"13":15,"14":15,"15":15,"16":15,"17":0,"18":8,"19":8,"20":8,"21":0,"22":0,"23":0,"24":0,"25":0,"26":8,"27":8,"28":8,"29":8,"30":0,"31":8,"32":8,"33":8,"34":8,"35":8,"36":0,"37":5,"38":15,"39":15,"40":0,"41":15,"42":15,"43":0,"44":15,"45":0,"46":15,"47":0,"48":15,"49":0,"50":15,"51":0,"52":15,"53":0,"54":15,"55":0,"56":15,"57":15,"58":210,"59":210,"60":195,"61":5,"62":15,"63":15,"64":15,"65":15,"66":15,"67":15,"68":15,"69":15,"70":15,"71":15,"72":15,"73":15,"74":15,"75":15,"76":15,"77":15,"78":15,"79":15,"80":15,"81":15,"82":0,"83":15,"84":15,"85":15,"86":15,"87":0},"f":{"0":15,"1":8,"2":8,"3":0,"4":8,"5":15,"6":210,"7":15,"8":15,"9":0,"10":0},"b":{"0":[15,0],"1":[15,0],"2":[15,0],"3":[15,0],"4":[15,0],"5":[0,8],"6":[8,0],"7":[0,0],"8":[0,0,0,0,0,0],"9":[8,0],"10":[8,0],"11":[0,15],"12":[15,0],"13":[0,15],"14":[15,15],"15":[0,15],"16":[0,15],"17":[0,15],"18":[0,15],"19":[0,15],"20":[0,15],"21":[195,15],"22":[15,0],"23":[15,0],"24":[15,0],"25":[15,0],"26":[15,0],"27":[15,0]},"_coverageSchema":"1a1c01bbd47fc00a2c39e90264f33305004495a9","hash":"0b3e994cbabcb100eb6d8c075508646266b10772"}
,"/Users/wixtar-kyle/Projects/highlighting-translate/services/TranslationService.js": {"path":"/Users/wixtar-kyle/Projects/highlighting-translate/services/TranslationService.js","statementMap":{"0":{"start":{"line":3,"column":8},"end":{"line":3,"column":80}},"1":{"start":{"line":13,"column":30},"end":{"line":13,"column":61}},"2":{"start":{"line":15,"column":28},"end":{"line":15,"column":46}},"3":{"start":{"line":17,"column":29},"end":{"line":17,"column":40}},"4":{"start":{"line":20,"column":8},"end":{"line":20,"column":50}},"5":{"start":{"line":20,"column":38},"end":{"line":20,"column":50}},"6":{"start":{"line":21,"column":8},"end":{"line":21,"column":48}},"7":{"start":{"line":21,"column":36},"end":{"line":21,"column":48}},"8":{"start":{"line":23,"column":40},"end":{"line":23,"column":58}},"9":{"start":{"line":24,"column":37},"end":{"line":24,"column":60}},"10":{"start":{"line":25,"column":36},"end":{"line":25,"column":59}},"11":{"start":{"line":27,"column":29},"end":{"line":27,"column":79}},"12":{"start":{"line":28,"column":33},"end":{"line":28,"column":80}},"13":{"start":{"line":29,"column":32},"end":{"line":29,"column":78}},"14":{"start":{"line":31,"column":8},"end":{"line":37,"column":9}},"15":{"start":{"line":32,"column":12},"end":{"line":32,"column":53}},"16":{"start":{"line":32,"column":38},"end":{"line":32,"column":53}},"17":{"start":{"line":33,"column":12},"end":{"line":33,"column":52}},"18":{"start":{"line":33,"column":37},"end":{"line":33,"column":52}},"19":{"start":{"line":36,"column":12},"end":{"line":36,"column":27}},"20":{"start":{"line":39,"column":8},"end":{"line":39,"column":49}},"21":{"start":{"line":39,"column":37},"end":{"line":39,"column":49}},"22":{"start":{"line":41,"column":8},"end":{"line":41,"column":22}},"23":{"start":{"line":52,"column":8},"end":{"line":83,"column":9}},"24":{"start":{"line":53,"column":12},"end":{"line":55,"column":13}},"25":{"start":{"line":54,"column":16},"end":{"line":54,"column":62}},"26":{"start":{"line":59,"column":34},"end":{"line":59,"column":44}},"27":{"start":{"line":60,"column":12},"end":{"line":63,"column":13}},"28":{"start":{"line":61,"column":33},"end":{"line":61,"column":58}},"29":{"start":{"line":62,"column":16},"end":{"line":62,"column":74}},"30":{"start":{"line":65,"column":24},"end":{"line":65,"column":129}},"31":{"start":{"line":67,"column":29},"end":{"line":67,"column":45}},"32":{"start":{"line":68,"column":12},"end":{"line":70,"column":13}},"33":{"start":{"line":69,"column":16},"end":{"line":69,"column":89}},"34":{"start":{"line":72,"column":25},"end":{"line":72,"column":46}},"35":{"start":{"line":75,"column":12},"end":{"line":77,"column":13}},"36":{"start":{"line":76,"column":16},"end":{"line":76,"column":37}},"37":{"start":{"line":78,"column":12},"end":{"line":78,"column":55}},"38":{"start":{"line":81,"column":12},"end":{"line":81,"column":62}},"39":{"start":{"line":82,"column":12},"end":{"line":82,"column":24}},"40":{"start":{"line":94,"column":8},"end":{"line":96,"column":9}},"41":{"start":{"line":95,"column":12},"end":{"line":95,"column":51}},"42":{"start":{"line":98,"column":8},"end":{"line":100,"column":9}},"43":{"start":{"line":99,"column":12},"end":{"line":99,"column":25}},"44":{"start":{"line":103,"column":8},"end":{"line":105,"column":9}},"45":{"start":{"line":104,"column":13},"end":{"line":104,"column":26}},"46":{"start":{"line":108,"column":8},"end":{"line":111,"column":9}},"47":{"start":{"line":109,"column":30},"end":{"line":109,"column":55}},"48":{"start":{"line":110,"column":13},"end":{"line":110,"column":52}},"49":{"start":{"line":110,"column":39},"end":{"line":110,"column":52}},"50":{"start":{"line":113,"column":8},"end":{"line":113,"column":20}},"51":{"start":{"line":118,"column":0},"end":{"line":118,"column":47}},"52":{"start":{"line":121,"column":0},"end":{"line":123,"column":1}},"53":{"start":{"line":122,"column":4},"end":{"line":122,"column":40}}},"fnMap":{"0":{"name":"(anonymous_0)","decl":{"start":{"line":2,"column":4},"end":{"line":2,"column":5}},"loc":{"start":{"line":2,"column":18},"end":{"line":4,"column":5}},"line":2},"1":{"name":"(anonymous_1)","decl":{"start":{"line":11,"column":4},"end":{"line":11,"column":5}},"loc":{"start":{"line":11,"column":25},"end":{"line":42,"column":5}},"line":11},"2":{"name":"(anonymous_2)","decl":{"start":{"line":51,"column":4},"end":{"line":51,"column":5}},"loc":{"start":{"line":51,"column":69},"end":{"line":84,"column":5}},"line":51},"3":{"name":"(anonymous_3)","decl":{"start":{"line":93,"column":4},"end":{"line":93,"column":5}},"loc":{"start":{"line":93,"column":50},"end":{"line":114,"column":5}},"line":93}},"branchMap":{"0":{"loc":{"start":{"line":20,"column":8},"end":{"line":20,"column":50}},"type":"if","locations":[{"start":{"line":20,"column":8},"end":{"line":20,"column":50}},{"start":{},"end":{}}],"line":20},"1":{"loc":{"start":{"line":21,"column":8},"end":{"line":21,"column":48}},"type":"if","locations":[{"start":{"line":21,"column":8},"end":{"line":21,"column":48}},{"start":{},"end":{}}],"line":21},"2":{"loc":{"start":{"line":27,"column":30},"end":{"line":27,"column":71}},"type":"binary-expr","locations":[{"start":{"line":27,"column":30},"end":{"line":27,"column":65}},{"start":{"line":27,"column":69},"end":{"line":27,"column":71}}],"line":27},"3":{"loc":{"start":{"line":28,"column":34},"end":{"line":28,"column":72}},"type":"binary-expr","locations":[{"start":{"line":28,"column":34},"end":{"line":28,"column":66}},{"start":{"line":28,"column":70},"end":{"line":28,"column":72}}],"line":28},"4":{"loc":{"start":{"line":29,"column":33},"end":{"line":29,"column":70}},"type":"binary-expr","locations":[{"start":{"line":29,"column":33},"end":{"line":29,"column":64}},{"start":{"line":29,"column":68},"end":{"line":29,"column":70}}],"line":29},"5":{"loc":{"start":{"line":31,"column":8},"end":{"line":37,"column":9}},"type":"if","locations":[{"start":{"line":31,"column":8},"end":{"line":37,"column":9}},{"start":{},"end":{}}],"line":31},"6":{"loc":{"start":{"line":32,"column":12},"end":{"line":32,"column":53}},"type":"if","locations":[{"start":{"line":32,"column":12},"end":{"line":32,"column":53}},{"start":{},"end":{}}],"line":32},"7":{"loc":{"start":{"line":33,"column":12},"end":{"line":33,"column":52}},"type":"if","locations":[{"start":{"line":33,"column":12},"end":{"line":33,"column":52}},{"start":{},"end":{}}],"line":33},"8":{"loc":{"start":{"line":39,"column":8},"end":{"line":39,"column":49}},"type":"if","locations":[{"start":{"line":39,"column":8},"end":{"line":39,"column":49}},{"start":{},"end":{}}],"line":39},"9":{"loc":{"start":{"line":51,"column":26},"end":{"line":51,"column":45}},"type":"default-arg","locations":[{"start":{"line":51,"column":39},"end":{"line":51,"column":45}}],"line":51},"10":{"loc":{"start":{"line":51,"column":47},"end":{"line":51,"column":67}},"type":"default-arg","locations":[{"start":{"line":51,"column":60},"end":{"line":51,"column":67}}],"line":51},"11":{"loc":{"start":{"line":53,"column":12},"end":{"line":55,"column":13}},"type":"if","locations":[{"start":{"line":53,"column":12},"end":{"line":55,"column":13}},{"start":{},"end":{}}],"line":53},"12":{"loc":{"start":{"line":53,"column":16},"end":{"line":53,"column":37}},"type":"binary-expr","locations":[{"start":{"line":53,"column":16},"end":{"line":53,"column":21}},{"start":{"line":53,"column":25},"end":{"line":53,"column":37}}],"line":53},"13":{"loc":{"start":{"line":60,"column":12},"end":{"line":63,"column":13}},"type":"if","locations":[{"start":{"line":60,"column":12},"end":{"line":63,"column":13}},{"start":{},"end":{}}],"line":60},"14":{"loc":{"start":{"line":62,"column":34},"end":{"line":62,"column":73}},"type":"cond-expr","locations":[{"start":{"line":62,"column":56},"end":{"line":62,"column":62}},{"start":{"line":62,"column":65},"end":{"line":62,"column":73}}],"line":62},"15":{"loc":{"start":{"line":68,"column":12},"end":{"line":70,"column":13}},"type":"if","locations":[{"start":{"line":68,"column":12},"end":{"line":70,"column":13}},{"start":{},"end":{}}],"line":68},"16":{"loc":{"start":{"line":75,"column":12},"end":{"line":77,"column":13}},"type":"if","locations":[{"start":{"line":75,"column":12},"end":{"line":77,"column":13}},{"start":{},"end":{}}],"line":75},"17":{"loc":{"start":{"line":75,"column":16},"end":{"line":75,"column":62}},"type":"binary-expr","locations":[{"start":{"line":75,"column":16},"end":{"line":75,"column":20}},{"start":{"line":75,"column":24},"end":{"line":75,"column":31}},{"start":{"line":75,"column":35},"end":{"line":75,"column":45}},{"start":{"line":75,"column":49},"end":{"line":75,"column":62}}],"line":75},"18":{"loc":{"start":{"line":94,"column":8},"end":{"line":96,"column":9}},"type":"if","locations":[{"start":{"line":94,"column":8},"end":{"line":96,"column":9}},{"start":{},"end":{}}],"line":94},"19":{"loc":{"start":{"line":98,"column":8},"end":{"line":100,"column":9}},"type":"if","locations":[{"start":{"line":98,"column":8},"end":{"line":100,"column":9}},{"start":{},"end":{}}],"line":98},"20":{"loc":{"start":{"line":103,"column":8},"end":{"line":105,"column":9}},"type":"if","locations":[{"start":{"line":103,"column":8},"end":{"line":105,"column":9}},{"start":{},"end":{}}],"line":103},"21":{"loc":{"start":{"line":103,"column":12},"end":{"line":103,"column":60}},"type":"binary-expr","locations":[{"start":{"line":103,"column":12},"end":{"line":103,"column":34}},{"start":{"line":103,"column":38},"end":{"line":103,"column":60}}],"line":103},"22":{"loc":{"start":{"line":108,"column":8},"end":{"line":111,"column":9}},"type":"if","locations":[{"start":{"line":108,"column":8},"end":{"line":111,"column":9}},{"start":{},"end":{}}],"line":108},"23":{"loc":{"start":{"line":110,"column":13},"end":{"line":110,"column":52}},"type":"if","locations":[{"start":{"line":110,"column":13},"end":{"line":110,"column":52}},{"start":{},"end":{}}],"line":110},"24":{"loc":{"start":{"line":121,"column":0},"end":{"line":123,"column":1}},"type":"if","locations":[{"start":{"line":121,"column":0},"end":{"line":123,"column":1}},{"start":{},"end":{}}],"line":121},"25":{"loc":{"start":{"line":121,"column":4},"end":{"line":121,"column":51}},"type":"binary-expr","locations":[{"start":{"line":121,"column":4},"end":{"line":121,"column":33}},{"start":{"line":121,"column":37},"end":{"line":121,"column":51}}],"line":121}},"s":{"0":22,"1":34,"2":34,"3":34,"4":34,"5":2,"6":32,"7":0,"8":32,"9":32,"10":32,"11":32,"12":32,"13":32,"14":32,"15":9,"16":3,"17":6,"18":2,"19":4,"20":23,"21":21,"22":2,"23":10,"24":10,"25":1,"26":9,"27":9,"28":8,"29":8,"30":9,"31":9,"32":9,"33":1,"34":8,"35":8,"36":7,"37":1,"38":3,"39":3,"40":12,"41":9,"42":12,"43":5,"44":7,"45":0,"46":7,"47":5,"48":5,"49":0,"50":7,"51":2,"52":2,"53":2},"f":{"0":22,"1":34,"2":10,"3":12},"b":{"0":[2,32],"1":[0,32],"2":[32,23],"3":[32,29],"4":[32,30],"5":[9,23],"6":[3,6],"7":[2,4],"8":[21,2],"9":[3],"10":[3],"11":[1,9],"12":[10,10],"13":[8,1],"14":[0,8],"15":[1,8],"16":[7,1],"17":[8,8,7,7],"18":[9,3],"19":[5,7],"20":[0,7],"21":[7,1],"22":[5,2],"23":[0,5],"24":[2,0],"25":[2,2]},"_coverageSchema":"1a1c01bbd47fc00a2c39e90264f33305004495a9","hash":"3f03ea627678e996098b3e09e83de723b66c1576"}
}
