TN:
SF:content.js
FN:18,loadSettings
FN:34,checkAndRetranslate
FN:50,(anonymous_2)
FN:59,(anonymous_3)
FN:62,(anonymous_4)
FN:69,injectStyles
FN:188,checkIsStarred
FN:192,(anonymous_7)
FN:200,toggleStar
FN:205,(anonymous_9)
FN:233,createTranslatePopup
FN:261,playTTS
FN:267,(anonymous_12)
FN:271,showTranslatePopup
FN:291,(anonymous_14)
FN:294,(anonymous_15)
FN:324,(anonymous_16)
FN:385,(anonymous_17)
FN:417,hideTranslatePopup
FN:427,(anonymous_19)
FN:442,(anonymous_20)
FN:457,(anonymous_21)
FN:475,(anonymous_22)
FN:482,(anonymous_23)
FN:487,(anonymous_24)
FN:500,(anonymous_25)
FNF:26
FNH:8
FNDA:8,loadSettings
FNDA:0,checkAndRetranslate
FNDA:0,(anonymous_2)
FNDA:0,(anonymous_3)
FNDA:0,(anonymous_4)
FNDA:6,injectStyles
FNDA:5,checkIsStarred
FNDA:0,(anonymous_7)
FNDA:0,toggleStar
FNDA:0,(anonymous_9)
FNDA:6,createTranslatePopup
FNDA:3,playTTS
FNDA:0,(anonymous_12)
FNDA:5,showTranslatePopup
FNDA:0,(anonymous_14)
FNDA:0,(anonymous_15)
FNDA:1,(anonymous_16)
FNDA:0,(anonymous_17)
FNDA:0,hideTranslatePopup
FNDA:0,(anonymous_19)
FNDA:0,(anonymous_20)
FNDA:0,(anonymous_21)
FNDA:0,(anonymous_22)
FNDA:0,(anonymous_23)
FNDA:0,(anonymous_24)
FNDA:2,(anonymous_25)
DA:2,8
DA:9,8
DA:10,8
DA:11,8
DA:12,8
DA:15,8
DA:19,8
DA:20,8
DA:26,8
DA:27,8
DA:29,0
DA:35,0
DA:36,0
DA:37,0
DA:39,0
DA:41,0
DA:47,8
DA:50,8
DA:51,0
DA:52,0
DA:53,0
DA:54,0
DA:59,8
DA:60,0
DA:62,0
DA:63,0
DA:70,6
DA:72,6
DA:73,6
DA:74,6
DA:184,6
DA:189,5
DA:190,5
DA:191,5
DA:192,5
DA:194,0
DA:195,0
DA:201,0
DA:202,0
DA:203,0
DA:205,0
DA:207,0
DA:209,0
DA:210,0
DA:213,0
DA:221,0
DA:224,0
DA:225,0
DA:227,0
DA:228,0
DA:234,6
DA:235,6
DA:236,6
DA:238,6
DA:240,6
DA:241,6
DA:242,6
DA:244,6
DA:245,6
DA:246,6
DA:247,6
DA:248,6
DA:254,6
DA:255,6
DA:256,6
DA:257,6
DA:262,3
DA:263,3
DA:267,0
DA:273,5
DA:274,5
DA:275,5
DA:276,5
DA:279,5
DA:280,0
DA:283,5
DA:284,5
DA:285,0
DA:287,5
DA:288,5
DA:289,5
DA:291,5
DA:292,0
DA:293,0
DA:294,0
DA:295,0
DA:296,0
DA:302,5
DA:312,5
DA:315,5
DA:316,5
DA:317,5
DA:320,5
DA:321,5
DA:322,5
DA:324,5
DA:325,1
DA:326,1
DA:327,1
DA:328,1
DA:329,1
DA:331,1
DA:335,5
DA:336,5
DA:337,5
DA:339,5
DA:340,5
DA:342,5
DA:343,1
DA:345,5
DA:346,2
DA:348,5
DA:349,1
DA:351,5
DA:352,2
DA:355,5
DA:356,5
DA:359,5
DA:360,5
DA:361,5
DA:364,5
DA:365,5
DA:367,5
DA:381,5
DA:382,5
DA:384,5
DA:385,5
DA:386,0
DA:387,0
DA:388,0
DA:390,0
DA:395,5
DA:396,1
DA:397,1
DA:398,1
DA:399,1
DA:401,1
DA:404,0
DA:412,0
DA:418,0
DA:419,0
DA:421,0
DA:422,0
DA:423,0
DA:425,0
DA:426,0
DA:427,0
DA:428,0
DA:429,0
DA:434,0
DA:435,0
DA:442,8
DA:444,0
DA:445,0
DA:449,0
DA:452,0
DA:453,0
DA:457,0
DA:458,0
DA:459,0
DA:461,0
DA:463,0
DA:464,0
DA:467,0
DA:469,0
DA:475,8
DA:476,0
DA:477,0
DA:482,8
DA:483,0
DA:487,8
DA:488,0
DA:489,0
DA:494,8
DA:495,8
DA:500,2
LF:176
LH:104
BRDA:36,0,0,0
BRDA:36,0,1,0
BRDA:36,1,0,0
BRDA:36,1,1,0
BRDA:39,2,0,0
BRDA:39,2,1,0
BRDA:39,3,0,0
BRDA:39,3,1,0
BRDA:39,3,2,0
BRDA:39,3,3,0
BRDA:39,3,4,0
BRDA:51,4,0,0
BRDA:51,4,1,0
BRDA:60,5,0,0
BRDA:60,5,1,0
BRDA:70,6,0,0
BRDA:70,6,1,6
BRDA:191,7,0,5
BRDA:191,7,1,5
BRDA:192,8,0,0
BRDA:192,8,1,0
BRDA:203,9,0,0
BRDA:203,9,1,0
BRDA:205,10,0,0
BRDA:205,10,1,0
BRDA:207,11,0,0
BRDA:207,11,1,0
BRDA:262,12,0,0
BRDA:262,12,1,3
BRDA:279,13,0,0
BRDA:279,13,1,5
BRDA:284,14,0,0
BRDA:284,14,1,5
BRDA:295,15,0,0
BRDA:295,15,1,0
BRDA:327,16,0,1
BRDA:327,16,1,0
BRDA:329,17,0,0
BRDA:329,17,1,1
BRDA:342,18,0,1
BRDA:342,18,1,4
BRDA:345,19,0,2
BRDA:345,19,1,3
BRDA:348,20,0,1
BRDA:348,20,1,4
BRDA:351,21,0,2
BRDA:351,21,1,3
BRDA:365,22,0,0
BRDA:365,22,1,5
BRDA:387,23,0,0
BRDA:387,23,1,0
BRDA:395,24,0,1
BRDA:395,24,1,4
BRDA:397,25,0,1
BRDA:397,25,1,0
BRDA:399,26,0,0
BRDA:399,26,1,1
BRDA:419,27,0,0
BRDA:419,27,1,0
BRDA:425,28,0,0
BRDA:425,28,1,0
BRDA:428,29,0,0
BRDA:428,29,1,0
BRDA:434,30,0,0
BRDA:434,30,1,0
BRDA:444,31,0,0
BRDA:444,31,1,0
BRDA:452,32,0,0
BRDA:452,32,1,0
BRDA:461,33,0,0
BRDA:461,33,1,0
BRDA:461,34,0,0
BRDA:461,34,1,0
BRDA:461,34,2,0
BRDA:476,35,0,0
BRDA:476,35,1,0
BRDA:488,36,0,0
BRDA:488,36,1,0
BRDA:494,37,0,8
BRDA:494,37,1,0
BRDA:494,38,0,8
BRDA:494,38,1,8
BRF:82
BRH:24
end_of_record
TN:
SF:popup.js
FN:2,loadSettings
FN:33,sendMessageToContentScript
FN:55,showSnackbar
FN:59,(anonymous_3)
FN:66,saveSettings
FN:204,localize
FN:230,(anonymous_6)
FN:239,(anonymous_7)
FN:259,(anonymous_8)
FN:261,(anonymous_9)
FN:267,(anonymous_10)
FNF:11
FNH:8
FNDA:15,loadSettings
FNDA:8,sendMessageToContentScript
FNDA:8,showSnackbar
FNDA:0,(anonymous_3)
FNDA:8,saveSettings
FNDA:15,localize
FNDA:210,(anonymous_6)
FNDA:15,(anonymous_7)
FNDA:15,(anonymous_8)
FNDA:0,(anonymous_9)
FNDA:0,(anonymous_10)
DA:3,15
DA:4,15
DA:13,15
DA:14,15
DA:16,15
DA:17,15
DA:19,15
DA:20,15
DA:22,15
DA:23,15
DA:25,15
DA:26,15
DA:28,0
DA:34,8
DA:35,8
DA:36,8
DA:37,0
DA:39,0
DA:44,0
DA:47,0
DA:50,0
DA:56,8
DA:57,8
DA:58,8
DA:59,8
DA:60,0
DA:67,8
DA:75,8
DA:76,8
DA:77,8
DA:79,8
DA:84,0
DA:89,5
DA:205,15
DA:206,15
DA:207,0
DA:211,15
DA:213,15
DA:214,0
DA:215,15
DA:216,0
DA:217,15
DA:218,0
DA:219,15
DA:220,0
DA:221,15
DA:222,0
DA:223,15
DA:224,0
DA:225,15
DA:226,0
DA:229,15
DA:230,15
DA:231,210
DA:232,210
DA:233,195
DA:239,5
DA:240,15
DA:241,15
DA:243,15
DA:244,15
DA:246,15
DA:247,15
DA:249,15
DA:250,15
DA:252,15
DA:253,15
DA:255,15
DA:256,15
DA:259,15
DA:260,15
DA:261,15
DA:262,15
DA:265,15
DA:266,15
DA:267,15
DA:268,0
LF:77
LH:60
BRDA:14,0,0,15
BRDA:14,0,1,0
BRDA:17,1,0,15
BRDA:17,1,1,0
BRDA:20,2,0,15
BRDA:20,2,1,0
BRDA:23,3,0,15
BRDA:23,3,1,0
BRDA:26,4,0,15
BRDA:26,4,1,0
BRDA:36,5,0,0
BRDA:36,5,1,8
BRDA:36,6,0,8
BRDA:36,6,1,0
BRDA:39,7,0,0
BRDA:39,7,1,0
BRDA:39,8,0,0
BRDA:39,8,1,0
BRDA:39,8,2,0
BRDA:39,8,3,0
BRDA:39,8,4,0
BRDA:39,8,5,0
BRDA:57,9,0,8
BRDA:57,9,1,0
BRDA:72,10,0,8
BRDA:72,10,1,0
BRDA:206,11,0,0
BRDA:206,11,1,15
BRDA:206,12,0,15
BRDA:206,12,1,0
BRDA:213,13,0,0
BRDA:213,13,1,15
BRDA:213,14,0,15
BRDA:213,14,1,15
BRDA:215,15,0,0
BRDA:215,15,1,15
BRDA:217,16,0,0
BRDA:217,16,1,15
BRDA:219,17,0,0
BRDA:219,17,1,15
BRDA:221,18,0,0
BRDA:221,18,1,15
BRDA:223,19,0,0
BRDA:223,19,1,15
BRDA:225,20,0,0
BRDA:225,20,1,15
BRDA:232,21,0,195
BRDA:232,21,1,15
BRDA:244,22,0,15
BRDA:244,22,1,0
BRDA:247,23,0,15
BRDA:247,23,1,0
BRDA:250,24,0,15
BRDA:250,24,1,0
BRDA:253,25,0,15
BRDA:253,25,1,0
BRDA:256,26,0,15
BRDA:256,26,1,0
BRDA:266,27,0,15
BRDA:266,27,1,0
BRF:60
BRH:28
end_of_record
TN:
SF:services/TranslationService.js
FN:2,(anonymous_0)
FN:11,(anonymous_1)
FN:51,(anonymous_2)
FN:93,(anonymous_3)
FNF:4
FNH:4
FNDA:22,(anonymous_0)
FNDA:34,(anonymous_1)
FNDA:10,(anonymous_2)
FNDA:12,(anonymous_3)
DA:3,22
DA:13,34
DA:15,34
DA:17,34
DA:20,34
DA:21,32
DA:23,32
DA:24,32
DA:25,32
DA:27,32
DA:28,32
DA:29,32
DA:31,32
DA:32,9
DA:33,6
DA:36,4
DA:39,23
DA:41,2
DA:52,10
DA:53,10
DA:54,1
DA:59,9
DA:60,9
DA:61,8
DA:62,8
DA:65,9
DA:67,9
DA:68,9
DA:69,1
DA:72,8
DA:75,8
DA:76,7
DA:78,1
DA:81,3
DA:82,3
DA:94,12
DA:95,9
DA:98,12
DA:99,5
DA:103,7
DA:104,0
DA:108,7
DA:109,5
DA:110,5
DA:113,7
DA:118,2
DA:121,2
DA:122,2
LF:48
LH:47
BRDA:20,0,0,2
BRDA:20,0,1,32
BRDA:21,1,0,0
BRDA:21,1,1,32
BRDA:27,2,0,32
BRDA:27,2,1,23
BRDA:28,3,0,32
BRDA:28,3,1,29
BRDA:29,4,0,32
BRDA:29,4,1,30
BRDA:31,5,0,9
BRDA:31,5,1,23
BRDA:32,6,0,3
BRDA:32,6,1,6
BRDA:33,7,0,2
BRDA:33,7,1,4
BRDA:39,8,0,21
BRDA:39,8,1,2
BRDA:51,9,0,3
BRDA:51,10,0,3
BRDA:53,11,0,1
BRDA:53,11,1,9
BRDA:53,12,0,10
BRDA:53,12,1,10
BRDA:60,13,0,8
BRDA:60,13,1,1
BRDA:62,14,0,0
BRDA:62,14,1,8
BRDA:68,15,0,1
BRDA:68,15,1,8
BRDA:75,16,0,7
BRDA:75,16,1,1
BRDA:75,17,0,8
BRDA:75,17,1,8
BRDA:75,17,2,7
BRDA:75,17,3,7
BRDA:94,18,0,9
BRDA:94,18,1,3
BRDA:98,19,0,5
BRDA:98,19,1,7
BRDA:103,20,0,0
BRDA:103,20,1,7
BRDA:103,21,0,7
BRDA:103,21,1,1
BRDA:108,22,0,5
BRDA:108,22,1,2
BRDA:110,23,0,0
BRDA:110,23,1,5
BRDA:121,24,0,2
BRDA:121,24,1,0
BRDA:121,25,0,2
BRDA:121,25,1,2
BRF:52
BRH:47
end_of_record
